C:\USERS\TOM\DOCUMENTS\MY DROPBOX\HS MANNHEIM\NAC\NAC-UEBUNGEN\NAC\ÜBUNG2\DEBUG\MAIN.OBJ
C:\USERS\TOM\DOCUMENTS\MY DROPBOX\HS MANNHEIM\NAC\NAC-UEBUNGEN\NAC\ÜBUNG2\DEBUG\MATRIX.OBJ
C:\USERS\TOM\DOCUMENTS\MY DROPBOX\HS MANNHEIM\NAC\NAC-UEBUNGEN\NAC\ÜBUNG2\DEBUG\VEKTOR.OBJ
C:\USERS\TOM\DOCUMENTS\MY DROPBOX\HS MANNHEIM\NAC\NAC-UEBUNGEN\NAC\ÜBUNG2\DEBUG\VEKTOR2D.OBJ
C:\USERS\TOM\DOCUMENTS\MY DROPBOX\HS MANNHEIM\NAC\NAC-UEBUNGEN\NAC\ÜBUNG2\DEBUG\VC110.PDB
C:\USERS\TOM\DOCUMENTS\MY DROPBOX\HS MANNHEIM\NAC\NAC-UEBUNGEN\NAC\DEBUG\ÜBUNG2.ILK
C:\USERS\TOM\DOCUMENTS\MY DROPBOX\HS MANNHEIM\NAC\NAC-UEBUNGEN\NAC\DEBUG\ÜBUNG2.EXE
C:\USERS\TOM\DOCUMENTS\MY DROPBOX\HS MANNHEIM\NAC\NAC-UEBUNGEN\NAC\DEBUG\ÜBUNG2.PDB
C:\Users\Tom\Documents\My Dropbox\HS Mannheim\NAC\NAC-Uebungen\NAC\Übung2\Debug\Main.obj
C:\Users\Tom\Documents\My Dropbox\HS Mannheim\NAC\NAC-Uebungen\NAC\Übung2\Debug\Matrix.obj
C:\Users\Tom\Documents\My Dropbox\HS Mannheim\NAC\NAC-Uebungen\NAC\Übung2\Debug\Vektor.obj
C:\Users\Tom\Documents\My Dropbox\HS Mannheim\NAC\NAC-Uebungen\NAC\Übung2\Debug\Vektor2D.obj
C:\Users\Tom\Documents\My Dropbox\HS Mannheim\NAC\NAC-Uebungen\NAC\Übung2\Debug\cl.command.1.tlog
C:\Users\Tom\Documents\My Dropbox\HS Mannheim\NAC\NAC-Uebungen\NAC\Übung2\Debug\CL.read.1.tlog
C:\Users\Tom\Documents\My Dropbox\HS Mannheim\NAC\NAC-Uebungen\NAC\Übung2\Debug\CL.write.1.tlog
C:\Users\Tom\Documents\My Dropbox\HS Mannheim\NAC\NAC-Uebungen\NAC\Übung2\Debug\link-cvtres.read.1.tlog
C:\Users\Tom\Documents\My Dropbox\HS Mannheim\NAC\NAC-Uebungen\NAC\Übung2\Debug\link-cvtres.write.1.tlog
C:\Users\Tom\Documents\My Dropbox\HS Mannheim\NAC\NAC-Uebungen\NAC\Übung2\Debug\link-rc.read.1.tlog
C:\Users\Tom\Documents\My Dropbox\HS Mannheim\NAC\NAC-Uebungen\NAC\Übung2\Debug\link-rc.write.1.tlog
C:\Users\Tom\Documents\My Dropbox\HS Mannheim\NAC\NAC-Uebungen\NAC\Übung2\Debug\link.command.1.tlog
C:\Users\Tom\Documents\My Dropbox\HS Mannheim\NAC\NAC-Uebungen\NAC\Übung2\Debug\link.read.1.tlog
C:\Users\Tom\Documents\My Dropbox\HS Mannheim\NAC\NAC-Uebungen\NAC\Übung2\Debug\link.write.1.tlog
C:\Users\Tom\Documents\My Dropbox\HS Mannheim\NAC\NAC-Uebungen\NAC\Übung2\Debug\vc110.idb
C:\Users\Tom\Documents\My Dropbox\HS Mannheim\NAC\NAC-Uebungen\NAC\Übung2\Debug\vc110.pdb
C:\Users\Tom\Documents\My Dropbox\HS Mannheim\NAC\NAC-Uebungen\NAC\Debug\Übung2.pdb
C:\Users\Tom\Documents\My Dropbox\HS Mannheim\NAC\NAC-Uebungen\NAC\Debug\Übung2.exe
C:\Users\Tom\Documents\My Dropbox\HS Mannheim\NAC\NAC-Uebungen\NAC\Debug\Übung2.ilk
